Arguments: 
  C:\Program Files\nodejs\node.exe C:\Program Files (x86)\Yarn\bin\yarn.js add expo-cli @~41.0.0 -g

PATH: 
  C:\Program Files\Git\mingw64\bin;C:\Program Files\Git\usr\bin;C:\Users\Fernando\bin;C:\Python39\Scripts;C:\Python39;C:\Program Files\Common Files\Oracle\Java\javapath;C:\Python38\Scripts;C:\Python38;C:\Program Files\Microsoft MPI\Bin;C:\ProgramData\Oracle\Java\javapath;C:\Program Files (x86)\Common Files\Oracle\Java\javapath;C:\Program Files (x86)\Intel\iCLS Client;C:\Program Files\Intel\iCLS Client;C:\Windows\system32;C:\Windows;C:\Windows\System32\Wbem;C:\Windows\System32\WindowsPowerShell\v1.0;C:\Program Files (x86)\Intel\Intel(R) Management Engine Components\DAL;C:\Program Files\Intel\Intel(R) Management Engine Components\DAL;C:\Program Files (x86)\Intel\Intel(R) Management Engine Components\IPT;C:\Program Files\Intel\Intel(R) Management Engine Components\IPT;C:\Program Files (x86)\NVIDIA Corporation\PhysX\Common;C:\Program Files\Intel\WiFi\bin;C:\Program Files\Common Files\Intel\WirelessCommon;C:\Program Files\dotnet;C:\WINDOWS\system32;C:\WINDOWS;C:\WINDOWS\System32\Wbem;C:\WINDOWS\System32\WindowsPowerShell\v1.0;C:\WINDOWS\System32\OpenSSH;C:\Program Files\Git\cmd;C:\Program Files\Microsoft SQL Server\Client SDK\ODBC\130\Tools\Binn;C:\Program Files (x86)\Microsoft SQL Server\140\Tools\Binn;C:\Program Files\Microsoft SQL Server\140\Tools\Binn;C:\Program Files\Microsoft SQL Server\140\DTS\Binn;C:\Program Files (x86)\Microsoft SQL Server\150\DTS\Binn;C:\HashiCorp\Vagrant\bin;C:\ProgramData\chocolatey\bin;C:\Program Files (x86)\Yarn\bin;C:\WINDOWS\system32;C:\WINDOWS;C:\WINDOWS\System32\Wbem;C:\WINDOWS\System32\WindowsPowerShell\v1.0;C:\WINDOWS\System32\OpenSSH;C:\ProgramData\chocolatey\lib\Elixir\bin;C:\Program Files\Git LFS;C:\Program Files\nodejs;C:\Program Files\Docker\Docker\resources\bin;C:\ProgramData\DockerDesktop\version-bin;C:\Program Files\Microsoft SQL Server\130\Tools\Binn;C:\Program Files\Microsoft SQL Server\Client SDK\ODBC\170\Tools\Binn;C:\Program Files\NVIDIA Corporation\NVIDIA NvDLISR;C:\Users\Fernando\AppData\Local\Microsoft\WindowsApps;C:\Users\Fernando\AppData\Local\atom\bin;C:\Users\Fernando\AppData\Local\Microsoft\WindowsApps;C:\Microsoft VS Code\bin;C:\Users\Fernando\Documents;C:\Program Files\heroku\bin;C:\Users\Fernando\AppData\Local\Yarn\bin;C:\Users\Fernando\AppData\Local\.meteor;C:\Users\Fernando\AppData\Roaming\npm;C:\Users\Fernando\AppData\Local\GitHubDesktop\bin;C:\Users\Fernando\.dotnet\tools;C:\flutter\bin;C:\Users\Fernando\.android\avd

Yarn version: 
  1.22.5

Node version: 
  14.15.2

Platform: 
  win32 x64

Trace: 
  Error: https://registry.yarnpkg.com/@~41.0.0: Request "https://registry.yarnpkg.com/@~41.0.0" returned a 405
      at Request.params.callback [as _callback] (C:\Program Files (x86)\Yarn\lib\cli.js:66106:18)
      at Request.self.callback (C:\Program Files (x86)\Yarn\lib\cli.js:140749:22)
      at Request.emit (events.js:315:20)
      at Request.<anonymous> (C:\Program Files (x86)\Yarn\lib\cli.js:141721:10)
      at Request.emit (events.js:315:20)
      at IncomingMessage.<anonymous> (C:\Program Files (x86)\Yarn\lib\cli.js:141643:12)
      at Object.onceWrapper (events.js:421:28)
      at IncomingMessage.emit (events.js:327:22)
      at endReadableNT (internal/streams/readable.js:1327:12)
      at processTicksAndRejections (internal/process/task_queues.js:80:21)

npm manifest: 
  {
      "main": "node_modules/expo/AppEntry.js",
      "scripts": {
          "start": "expo start",
          "android": "expo start --android",
          "ios": "expo start --ios",
          "web": "expo start --web",
          "eject": "expo eject",
          "server": "json-server server.json"
      },
      "dependencies": {
          "@expo-google-fonts/jost": "^0.1.0",
          "@expo/vector-icons": "^12.0.4",
          "@react-native-community/masked-view": "0.1.10",
          "@react-navigation/native": "^5.9.4",
          "@react-navigation/stack": "^5.14.4",
          "axios": "^0.21.1",
          "cross-var": "^1.1.0",
          "dotenv": "^8.2.0",
          "expo": "~41.0.0",
          "expo-app-loading": "^1.0.3",
          "expo-status-bar": "~1.0.4",
          "json-server": "^0.16.3",
          "lottie-react-native": "3.5.0",
          "react": "16.13.1",
          "react-dom": "16.13.1",
          "react-native": "https://github.com/expo/react-native/archive/sdk-41.0.0.tar.gz",
          "react-native-gesture-handler": "~1.10.2",
          "react-native-iphone-x-helper": "^1.3.1",
          "react-native-reanimated": "~2.1.0",
          "react-native-safe-area-context": "3.2.0",
          "react-native-screens": "~3.0.0",
          "react-native-svg": "12.1.0",
          "react-native-web": "~0.13.12"
      },
      "devDependencies": {
          "@babel/core": "^7.9.0",
          "@types/react": "~16.9.35",
          "@types/react-native": "~0.63.2",
          "typescript": "~4.0.0"
      },
      "private": true
  }

yarn manifest: 
  No manifest

Lockfile: 
  No lockfile
